  main.c
D:\Приложения\VisualStudio\repos\Games\Games\main.c(12,10): warning C4244: функция: преобразование "time_t" в "unsigned int", возможна потеря данных
  SeaBattle.c
D:\Приложения\VisualStudio\repos\Games\Games\SeaBattle.c(128,24): warning C4028: формальный параметр 1 отличается от объявления
D:\Приложения\VisualStudio\repos\Games\Games\SeaBattle.c(272,15): warning C4473: "scanf_s": передано недостаточно аргументов для строки формата
  D:\Приложения\VisualStudio\repos\Games\Games\SeaBattle.c(272,15):
  заполнители и их параметры ожидают переменное число аргументов в количестве 2, но было предоставлено 1
  D:\Приложения\VisualStudio\repos\Games\Games\SeaBattle.c(272,15):
  отсутствующий вариативный аргумент "2" требуется для строки форматирования "%c"
  D:\Приложения\VisualStudio\repos\Games\Games\SeaBattle.c(272,15):
  этот аргумент используется в качестве размера буфера
  
D:\Приложения\VisualStudio\repos\Games\Games\SeaBattle.c(311,15): warning C4473: "scanf_s": передано недостаточно аргументов для строки формата
  D:\Приложения\VisualStudio\repos\Games\Games\SeaBattle.c(311,15):
  заполнители и их параметры ожидают переменное число аргументов в количестве 2, но было предоставлено 1
  D:\Приложения\VisualStudio\repos\Games\Games\SeaBattle.c(311,15):
  отсутствующий вариативный аргумент "2" требуется для строки форматирования "%c"
  D:\Приложения\VisualStudio\repos\Games\Games\SeaBattle.c(311,15):
  этот аргумент используется в качестве размера буфера
  
  Создание кода...
  Games.vcxproj -> D:\Приложения\VisualStudio\repos\Games\x64\Debug\Games.exe
